  main.cpp
  SQLiteWrapper.cpp
d:\vs2017\sqlitetest\sqlitetest\sqlitewrapper.cpp(97): warning C4101: “e”: 未引用的局部变量
sqlite3.lib(sqlite31.obj) : warning LNK4075: 忽略“/EDITANDCONTINUE”(由于“/OPT:ICF”规范)
vcruntime.lib(VCRUNTIME140.dll) : error LNK2005: _memmove 已经在 libvcruntimed.lib(memmove.obj) 中定义
LINK : warning LNK4098: 默认库“MSVCRTD”与其他库的使用冲突；请使用 /NODEFAULTLIB:library
SQLiteWrapper.obj : error LNK2001: 无法解析的外部符号 __imp__MessageBoxW@16
sqlite3.lib(sqlite31.obj) : error LNK2001: 无法解析的外部符号 __imp___localtime64_s
sqlite3.lib(sqlite31.obj) : error LNK2001: 无法解析的外部符号 __imp___msize
sqlite3.lib(sqlite31.obj) : error LNK2001: 无法解析的外部符号 __imp__realloc
sqlite3.lib(sqlite31.obj) : error LNK2001: 无法解析的外部符号 __imp___beginthreadex
sqlite3.lib(sqlite31.obj) : error LNK2001: 无法解析的外部符号 __imp___endthreadex
D:\VS2017\sqliteTest\Release\sqliteTest.exe : fatal error LNK1120: 6 个无法解析的外部命令
